2012-08-03 12:14:00 19379 [DefaultQuartzScheduler_QuartzSchedulerThread] ERROR o.quartz.core.ErrorLogger schedulerError 2358 - An error occured instantiating job to be executed. job= 'export_group.export_job'
org.quartz.SchedulerException: Problem instantiating class 'com.cattsoft.collect.io.file.sync.data.job.ExportJob'
	at org.quartz.simpl.SimpleJobFactory.newJob(SimpleJobFactory.java:57) ~[quartz-all-1.8.6.jar:na]
	at org.quartz.core.JobRunShell.initialize(JobRunShell.java:140) ~[quartz-all-1.8.6.jar:na]
	at org.quartz.core.QuartzSchedulerThread.run(QuartzSchedulerThread.java:364) [quartz-all-1.8.6.jar:na]
Caused by: java.lang.InstantiationException: com.cattsoft.collect.io.file.sync.data.job.ExportJob
	at java.lang.Class.newInstance0(Class.java:340) ~[na:1.6.0_33]
	at java.lang.Class.newInstance(Class.java:308) ~[na:1.6.0_33]
	at org.quartz.simpl.SimpleJobFactory.newJob(SimpleJobFactory.java:55) ~[quartz-all-1.8.6.jar:na]
	... 2 common frames omitted
2012-08-03 12:15:00 6657 [DefaultQuartzScheduler_QuartzSchedulerThread] ERROR o.quartz.core.ErrorLogger schedulerError 2358 - An error occured instantiating job to be executed. job= 'export_group.export_job'
org.quartz.SchedulerException: Problem instantiating class 'com.cattsoft.collect.io.file.sync.data.job.ExportJob'
	at org.quartz.simpl.SimpleJobFactory.newJob(SimpleJobFactory.java:57) ~[quartz-all-1.8.6.jar:na]
	at org.quartz.core.JobRunShell.initialize(JobRunShell.java:140) ~[quartz-all-1.8.6.jar:na]
	at org.quartz.core.QuartzSchedulerThread.run(QuartzSchedulerThread.java:364) [quartz-all-1.8.6.jar:na]
Caused by: java.lang.InstantiationException: com.cattsoft.collect.io.file.sync.data.job.ExportJob
	at java.lang.Class.newInstance0(Class.java:340) ~[na:1.6.0_33]
	at java.lang.Class.newInstance(Class.java:308) ~[na:1.6.0_33]
	at org.quartz.simpl.SimpleJobFactory.newJob(SimpleJobFactory.java:55) ~[quartz-all-1.8.6.jar:na]
	... 2 common frames omitted
2012-08-03 12:38:28 292  [main] ERROR sync_ftp <init> 78 - 数据导出任务启动失败!
java.lang.IllegalArgumentException: JobListener name cannot be empty.
	at org.quartz.core.QuartzScheduler.addJobListener(QuartzScheduler.java:1562) ~[quartz-all-1.8.6.jar:na]
	at org.quartz.impl.StdScheduler.addJobListener(StdScheduler.java:632) ~[quartz-all-1.8.6.jar:na]
	at com.cattsoft.collect.io.file.sync.data.Sync.<init>(Sync.java:61) [bin/:na]
	at com.cattsoft.collect.io.file.sync.data.Sync.main(Sync.java:86) [bin/:na]
2012-08-04 00:20:00 43530 [DefaultQuartzScheduler_Worker-1] ERROR o.quartz.core.JobRunShell run 232 - Job DEFAULT.export.url threw an unhandled Exception: 
java.lang.NullPointerException: null
	at java.lang.Class.forName0(Native Method) ~[na:1.6.0_33]
	at java.lang.Class.forName(Class.java:169) ~[na:1.6.0_33]
	at com.cattsoft.collect.io.file.sync.data.job.ExportJob.getConnection(ExportJob.java:208) ~[bin/:na]
	at com.cattsoft.collect.io.file.sync.data.job.ExportJob.execute(ExportJob.java:65) ~[bin/:na]
	at org.quartz.core.JobRunShell.run(JobRunShell.java:223) ~[quartz-all-1.8.6.jar:na]
	at org.quartz.simpl.SimpleThreadPool$WorkerThread.run(SimpleThreadPool.java:549) [quartz-all-1.8.6.jar:na]
2012-08-04 00:20:00 43546 [DefaultQuartzScheduler_Worker-1] ERROR o.quartz.core.ErrorLogger schedulerError 2358 - Job (DEFAULT.export.url threw an exception.
org.quartz.SchedulerException: Job threw an unhandled exception.
	at org.quartz.core.JobRunShell.run(JobRunShell.java:234) ~[quartz-all-1.8.6.jar:na]
	at org.quartz.simpl.SimpleThreadPool$WorkerThread.run(SimpleThreadPool.java:549) [quartz-all-1.8.6.jar:na]
Caused by: java.lang.NullPointerException: null
	at java.lang.Class.forName0(Native Method) ~[na:1.6.0_33]
	at java.lang.Class.forName(Class.java:169) ~[na:1.6.0_33]
	at com.cattsoft.collect.io.file.sync.data.job.ExportJob.getConnection(ExportJob.java:208) ~[bin/:na]
	at com.cattsoft.collect.io.file.sync.data.job.ExportJob.execute(ExportJob.java:65) ~[bin/:na]
	at org.quartz.core.JobRunShell.run(JobRunShell.java:223) ~[quartz-all-1.8.6.jar:na]
	... 1 common frames omitted
2012-08-04 00:24:30 15796 [DefaultQuartzScheduler_Worker-1] ERROR o.quartz.core.JobRunShell run 232 - Job DEFAULT.export.url threw an unhandled Exception: 
java.lang.NullPointerException: null
	at java.lang.Class.forName0(Native Method) ~[na:1.6.0_33]
	at java.lang.Class.forName(Class.java:169) ~[na:1.6.0_33]
	at com.cattsoft.collect.io.file.sync.data.job.ExportJob.getConnection(ExportJob.java:208) ~[bin/:na]
	at com.cattsoft.collect.io.file.sync.data.job.ExportJob.execute(ExportJob.java:65) ~[bin/:na]
	at org.quartz.core.JobRunShell.run(JobRunShell.java:223) ~[quartz-all-1.8.6.jar:na]
	at org.quartz.simpl.SimpleThreadPool$WorkerThread.run(SimpleThreadPool.java:549) [quartz-all-1.8.6.jar:na]
2012-08-04 00:24:30 15797 [DefaultQuartzScheduler_Worker-1] ERROR o.quartz.core.ErrorLogger schedulerError 2358 - Job (DEFAULT.export.url threw an exception.
org.quartz.SchedulerException: Job threw an unhandled exception.
	at org.quartz.core.JobRunShell.run(JobRunShell.java:234) ~[quartz-all-1.8.6.jar:na]
	at org.quartz.simpl.SimpleThreadPool$WorkerThread.run(SimpleThreadPool.java:549) [quartz-all-1.8.6.jar:na]
Caused by: java.lang.NullPointerException: null
	at java.lang.Class.forName0(Native Method) ~[na:1.6.0_33]
	at java.lang.Class.forName(Class.java:169) ~[na:1.6.0_33]
	at com.cattsoft.collect.io.file.sync.data.job.ExportJob.getConnection(ExportJob.java:208) ~[bin/:na]
	at com.cattsoft.collect.io.file.sync.data.job.ExportJob.execute(ExportJob.java:65) ~[bin/:na]
	at org.quartz.core.JobRunShell.run(JobRunShell.java:223) ~[quartz-all-1.8.6.jar:na]
	... 1 common frames omitted
2012-08-05 02:08:06 497674 [DefaultQuartzScheduler_Worker-6] ERROR o.quartz.core.ErrorLogger schedulerError 2358 - Unable to notify JobListener(s) of Job that was executed: (error will be ignored). trigger= DEFAULT.export_url_job_temp_trigger job= export_url_group.export_url_job
org.quartz.SchedulerException: JobListener 'job_listener' threw exception: null
	at org.quartz.core.QuartzScheduler.notifyJobListenersWasExecuted(QuartzScheduler.java:1995) ~[quartz-all-1.8.6.jar:na]
	at org.quartz.core.JobRunShell.notifyJobListenersComplete(JobRunShell.java:381) [quartz-all-1.8.6.jar:na]
	at org.quartz.core.JobRunShell.run(JobRunShell.java:247) [quartz-all-1.8.6.jar:na]
	at org.quartz.simpl.SimpleThreadPool$WorkerThread.run(SimpleThreadPool.java:549) [quartz-all-1.8.6.jar:na]
Caused by: java.lang.NullPointerException: null
	at com.cattsoft.collect.io.file.sync.data.Sync$2.jobWasExecuted(Sync.java:120) ~[bin/:na]
	at org.quartz.core.QuartzScheduler.notifyJobListenersWasExecuted(QuartzScheduler.java:1993) ~[quartz-all-1.8.6.jar:na]
	... 3 common frames omitted
2012-08-05 02:12:39 148998 [DefaultQuartzScheduler_Worker-1] ERROR o.quartz.core.ErrorLogger schedulerError 2358 - Unable to notify JobListener(s) of Job that was executed: (error will be ignored). trigger= DEFAULT.export_url_trigger job= export_url_group.export_url_job
org.quartz.SchedulerException: JobListener 'job_listener' threw exception: null
	at org.quartz.core.QuartzScheduler.notifyJobListenersWasExecuted(QuartzScheduler.java:1995) ~[quartz-all-1.8.6.jar:na]
	at org.quartz.core.JobRunShell.notifyJobListenersComplete(JobRunShell.java:381) [quartz-all-1.8.6.jar:na]
	at org.quartz.core.JobRunShell.run(JobRunShell.java:247) [quartz-all-1.8.6.jar:na]
	at org.quartz.simpl.SimpleThreadPool$WorkerThread.run(SimpleThreadPool.java:549) [quartz-all-1.8.6.jar:na]
Caused by: java.lang.NullPointerException: null
	at com.cattsoft.collect.io.file.sync.data.Sync$2.jobWasExecuted(Sync.java:120) ~[bin/:na]
	at org.quartz.core.QuartzScheduler.notifyJobListenersWasExecuted(QuartzScheduler.java:1993) ~[quartz-all-1.8.6.jar:na]
	... 3 common frames omitted
2012-08-05 02:14:12 56273 [DefaultQuartzScheduler_Worker-2] ERROR o.quartz.core.ErrorLogger schedulerError 2358 - Unable to notify JobListener(s) of Job that was executed: (error will be ignored). trigger= DEFAULT.export_url_job_temp_trigger job= export_url_group.export_url_job
org.quartz.SchedulerException: JobListener 'job_listener' threw exception: null
	at org.quartz.core.QuartzScheduler.notifyJobListenersWasExecuted(QuartzScheduler.java:1995) ~[quartz-all-1.8.6.jar:na]
	at org.quartz.core.JobRunShell.notifyJobListenersComplete(JobRunShell.java:381) [quartz-all-1.8.6.jar:na]
	at org.quartz.core.JobRunShell.run(JobRunShell.java:247) [quartz-all-1.8.6.jar:na]
	at org.quartz.simpl.SimpleThreadPool$WorkerThread.run(SimpleThreadPool.java:549) [quartz-all-1.8.6.jar:na]
Caused by: java.lang.NullPointerException: null
	at java.util.Date.getMillisOf(Date.java:939) ~[na:1.6.0_33]
	at java.util.Date.before(Date.java:898) ~[na:1.6.0_33]
	at com.cattsoft.collect.io.file.sync.data.Sync$2.jobWasExecuted(Sync.java:120) ~[bin/:na]
	at org.quartz.core.QuartzScheduler.notifyJobListenersWasExecuted(QuartzScheduler.java:1993) ~[quartz-all-1.8.6.jar:na]
	... 3 common frames omitted
2012-08-05 02:19:42 60133 [DefaultQuartzScheduler_Worker-2] ERROR o.quartz.core.ErrorLogger schedulerError 2358 - Unable to notify JobListener(s) of Job that was executed: (error will be ignored). trigger= DEFAULT.export_url_job_temp_trigger job= export_url_group.export_url_job
org.quartz.SchedulerException: JobListener 'job_listener' threw exception: null
	at org.quartz.core.QuartzScheduler.notifyJobListenersWasExecuted(QuartzScheduler.java:1995) ~[quartz-all-1.8.6.jar:na]
	at org.quartz.core.JobRunShell.notifyJobListenersComplete(JobRunShell.java:381) [quartz-all-1.8.6.jar:na]
	at org.quartz.core.JobRunShell.run(JobRunShell.java:247) [quartz-all-1.8.6.jar:na]
	at org.quartz.simpl.SimpleThreadPool$WorkerThread.run(SimpleThreadPool.java:549) [quartz-all-1.8.6.jar:na]
Caused by: java.lang.NullPointerException: null
	at java.util.Date.getMillisOf(Date.java:939) ~[na:1.6.0_33]
	at java.util.Date.before(Date.java:898) ~[na:1.6.0_33]
	at com.cattsoft.collect.io.file.sync.data.Sync$2.jobWasExecuted(Sync.java:120) ~[bin/:na]
	at org.quartz.core.QuartzScheduler.notifyJobListenersWasExecuted(QuartzScheduler.java:1993) ~[quartz-all-1.8.6.jar:na]
	... 3 common frames omitted
2012-08-05 02:22:12 74847 [DefaultQuartzScheduler_Worker-2] ERROR o.quartz.core.ErrorLogger schedulerError 2358 - Unable to notify JobListener(s) of Job that was executed: (error will be ignored). trigger= DEFAULT.export_url_job_temp_trigger job= export_url_group.export_url_job
org.quartz.SchedulerException: JobListener 'job_listener' threw exception: null
	at org.quartz.core.QuartzScheduler.notifyJobListenersWasExecuted(QuartzScheduler.java:1995) ~[quartz-all-1.8.6.jar:na]
	at org.quartz.core.JobRunShell.notifyJobListenersComplete(JobRunShell.java:381) [quartz-all-1.8.6.jar:na]
	at org.quartz.core.JobRunShell.run(JobRunShell.java:247) [quartz-all-1.8.6.jar:na]
	at org.quartz.simpl.SimpleThreadPool$WorkerThread.run(SimpleThreadPool.java:549) [quartz-all-1.8.6.jar:na]
Caused by: java.lang.NullPointerException: null
	at java.util.Date.getMillisOf(Date.java:939) ~[na:1.6.0_33]
	at java.util.Date.before(Date.java:898) ~[na:1.6.0_33]
	at com.cattsoft.collect.io.file.sync.data.Sync$2.jobWasExecuted(Sync.java:120) ~[bin/:na]
	at org.quartz.core.QuartzScheduler.notifyJobListenersWasExecuted(QuartzScheduler.java:1993) ~[quartz-all-1.8.6.jar:na]
	... 3 common frames omitted
